0 info it worked if it ends with ok
1 verbose cli [ 'node', '/usr/local/bin/npm', 'install', 'grunt-contrib-sass' ]
2 info using npm@2.11.3
3 info using node@v0.12.7
4 verbose install initial load of /Users/rudy/Sites/nodejs/TeachPlan/package.json
5 verbose installManyTop reading scoped package data from /Users/rudy/Sites/nodejs/TeachPlan/node_modules/acl/package.json
6 verbose installManyTop reading scoped package data from /Users/rudy/Sites/nodejs/TeachPlan/node_modules/async/package.json
7 verbose installManyTop reading scoped package data from /Users/rudy/Sites/nodejs/TeachPlan/node_modules/body-parser/package.json
8 verbose installManyTop reading scoped package data from /Users/rudy/Sites/nodejs/TeachPlan/node_modules/bower/package.json
9 verbose installManyTop reading scoped package data from /Users/rudy/Sites/nodejs/TeachPlan/node_modules/cfenv/package.json
10 verbose installManyTop reading scoped package data from /Users/rudy/Sites/nodejs/TeachPlan/node_modules/chalk/package.json
11 verbose installManyTop reading scoped package data from /Users/rudy/Sites/nodejs/TeachPlan/node_modules/compression/package.json
12 verbose installManyTop reading scoped package data from /Users/rudy/Sites/nodejs/TeachPlan/node_modules/connect-flash/package.json
13 verbose installManyTop reading scoped package data from /Users/rudy/Sites/nodejs/TeachPlan/node_modules/connect-mongo/package.json
14 verbose installManyTop reading scoped package data from /Users/rudy/Sites/nodejs/TeachPlan/node_modules/consolidate/package.json
15 verbose installManyTop reading scoped package data from /Users/rudy/Sites/nodejs/TeachPlan/node_modules/cookie-parser/package.json
16 verbose installManyTop reading scoped package data from /Users/rudy/Sites/nodejs/TeachPlan/node_modules/coveralls/package.json
17 verbose installManyTop reading scoped package data from /Users/rudy/Sites/nodejs/TeachPlan/node_modules/crypto/package.json
18 verbose installManyTop reading scoped package data from /Users/rudy/Sites/nodejs/TeachPlan/node_modules/express/package.json
19 verbose installManyTop reading scoped package data from /Users/rudy/Sites/nodejs/TeachPlan/node_modules/express-session/package.json
20 verbose installManyTop reading scoped package data from /Users/rudy/Sites/nodejs/TeachPlan/node_modules/forever/package.json
21 verbose installManyTop reading scoped package data from /Users/rudy/Sites/nodejs/TeachPlan/node_modules/glob/package.json
22 verbose installManyTop reading scoped package data from /Users/rudy/Sites/nodejs/TeachPlan/node_modules/grunt/package.json
23 verbose installManyTop reading scoped package data from /Users/rudy/Sites/nodejs/TeachPlan/node_modules/grunt-cli/package.json
24 verbose installManyTop reading scoped package data from /Users/rudy/Sites/nodejs/TeachPlan/node_modules/grunt-concurrent/package.json
25 verbose installManyTop reading scoped package data from /Users/rudy/Sites/nodejs/TeachPlan/node_modules/grunt-contrib-copy/package.json
26 verbose installManyTop reading scoped package data from /Users/rudy/Sites/nodejs/TeachPlan/node_modules/grunt-contrib-csslint/package.json
27 verbose installManyTop reading scoped package data from /Users/rudy/Sites/nodejs/TeachPlan/node_modules/grunt-contrib-cssmin/package.json
28 verbose installManyTop reading scoped package data from /Users/rudy/Sites/nodejs/TeachPlan/node_modules/grunt-contrib-jshint/package.json
29 verbose installManyTop reading scoped package data from /Users/rudy/Sites/nodejs/TeachPlan/node_modules/grunt-contrib-less/package.json
30 verbose installManyTop reading scoped package data from /Users/rudy/Sites/nodejs/TeachPlan/node_modules/grunt-contrib-sass/package.json
31 verbose installManyTop reading scoped package data from /Users/rudy/Sites/nodejs/TeachPlan/node_modules/grunt-contrib-uglify/package.json
32 verbose installManyTop reading scoped package data from /Users/rudy/Sites/nodejs/TeachPlan/node_modules/grunt-contrib-watch/package.json
33 verbose installManyTop reading scoped package data from /Users/rudy/Sites/nodejs/TeachPlan/node_modules/grunt-env/package.json
34 verbose installManyTop reading scoped package data from /Users/rudy/Sites/nodejs/TeachPlan/node_modules/grunt-karma/package.json
35 verbose installManyTop reading scoped package data from /Users/rudy/Sites/nodejs/TeachPlan/node_modules/grunt-mocha-istanbul/package.json
36 verbose installManyTop reading scoped package data from /Users/rudy/Sites/nodejs/TeachPlan/node_modules/grunt-mocha-test/package.json
37 verbose installManyTop reading scoped package data from /Users/rudy/Sites/nodejs/TeachPlan/node_modules/grunt-ng-annotate/package.json
38 verbose installManyTop reading scoped package data from /Users/rudy/Sites/nodejs/TeachPlan/node_modules/grunt-node-inspector/package.json
39 verbose installManyTop reading scoped package data from /Users/rudy/Sites/nodejs/TeachPlan/node_modules/grunt-nodemon/package.json
40 verbose installManyTop reading scoped package data from /Users/rudy/Sites/nodejs/TeachPlan/node_modules/grunt-protractor-runner/package.json
41 verbose installManyTop reading scoped package data from /Users/rudy/Sites/nodejs/TeachPlan/node_modules/gulp/package.json
42 verbose installManyTop reading scoped package data from /Users/rudy/Sites/nodejs/TeachPlan/node_modules/gulp-angular-templatecache/package.json
43 verbose installManyTop reading scoped package data from /Users/rudy/Sites/nodejs/TeachPlan/node_modules/gulp-autoprefixer/package.json
44 verbose installManyTop reading scoped package data from /Users/rudy/Sites/nodejs/TeachPlan/node_modules/gulp-concat/package.json
45 verbose installManyTop reading scoped package data from /Users/rudy/Sites/nodejs/TeachPlan/node_modules/gulp-csslint/package.json
46 verbose installManyTop reading scoped package data from /Users/rudy/Sites/nodejs/TeachPlan/node_modules/gulp-cssmin/package.json
47 verbose installManyTop reading scoped package data from /Users/rudy/Sites/nodejs/TeachPlan/node_modules/gulp-jshint/package.json
48 verbose installManyTop reading scoped package data from /Users/rudy/Sites/nodejs/TeachPlan/node_modules/gulp-karma/package.json
49 verbose installManyTop reading scoped package data from /Users/rudy/Sites/nodejs/TeachPlan/node_modules/gulp-less/package.json
50 verbose installManyTop reading scoped package data from /Users/rudy/Sites/nodejs/TeachPlan/node_modules/gulp-livereload/package.json
51 verbose installManyTop reading scoped package data from /Users/rudy/Sites/nodejs/TeachPlan/node_modules/gulp-load-plugins/package.json
52 verbose installManyTop reading scoped package data from /Users/rudy/Sites/nodejs/TeachPlan/node_modules/gulp-mocha/package.json
53 verbose installManyTop reading scoped package data from /Users/rudy/Sites/nodejs/TeachPlan/node_modules/gulp-ng-annotate/package.json
54 verbose installManyTop reading scoped package data from /Users/rudy/Sites/nodejs/TeachPlan/node_modules/gulp-nodemon/package.json
55 verbose installManyTop reading scoped package data from /Users/rudy/Sites/nodejs/TeachPlan/node_modules/gulp-protractor/package.json
56 verbose installManyTop reading scoped package data from /Users/rudy/Sites/nodejs/TeachPlan/node_modules/gulp-rename/package.json
57 verbose installManyTop reading scoped package data from /Users/rudy/Sites/nodejs/TeachPlan/node_modules/gulp-sass/package.json
58 verbose installManyTop reading scoped package data from /Users/rudy/Sites/nodejs/TeachPlan/node_modules/gulp-uglify/package.json
59 verbose installManyTop reading scoped package data from /Users/rudy/Sites/nodejs/TeachPlan/node_modules/gulp-util/package.json
60 verbose installManyTop reading scoped package data from /Users/rudy/Sites/nodejs/TeachPlan/node_modules/helmet/package.json
61 verbose installManyTop reading scoped package data from /Users/rudy/Sites/nodejs/TeachPlan/node_modules/istanbul/package.json
62 verbose installManyTop reading scoped package data from /Users/rudy/Sites/nodejs/TeachPlan/node_modules/jasmine-core/package.json
63 verbose installManyTop reading scoped package data from /Users/rudy/Sites/nodejs/TeachPlan/node_modules/karma/package.json
64 verbose installManyTop reading scoped package data from /Users/rudy/Sites/nodejs/TeachPlan/node_modules/karma-chrome-launcher/package.json
65 verbose installManyTop reading scoped package data from /Users/rudy/Sites/nodejs/TeachPlan/node_modules/karma-coverage/package.json
66 verbose installManyTop reading scoped package data from /Users/rudy/Sites/nodejs/TeachPlan/node_modules/karma-firefox-launcher/package.json
67 verbose installManyTop reading scoped package data from /Users/rudy/Sites/nodejs/TeachPlan/node_modules/karma-jasmine/package.json
68 verbose installManyTop reading scoped package data from /Users/rudy/Sites/nodejs/TeachPlan/node_modules/karma-ng-html2js-preprocessor/package.json
69 verbose installManyTop reading scoped package data from /Users/rudy/Sites/nodejs/TeachPlan/node_modules/karma-phantomjs-launcher/package.json
70 verbose installManyTop reading scoped package data from /Users/rudy/Sites/nodejs/TeachPlan/node_modules/load-grunt-tasks/package.json
71 verbose installManyTop reading scoped package data from /Users/rudy/Sites/nodejs/TeachPlan/node_modules/lodash/package.json
72 verbose installManyTop reading scoped package data from /Users/rudy/Sites/nodejs/TeachPlan/node_modules/method-override/package.json
73 verbose installManyTop reading scoped package data from /Users/rudy/Sites/nodejs/TeachPlan/node_modules/mocha/package.json
74 verbose installManyTop reading scoped package data from /Users/rudy/Sites/nodejs/TeachPlan/node_modules/mongoose/package.json
75 verbose installManyTop reading scoped package data from /Users/rudy/Sites/nodejs/TeachPlan/node_modules/morgan/package.json
76 verbose installManyTop reading scoped package data from /Users/rudy/Sites/nodejs/TeachPlan/node_modules/multer/package.json
77 verbose installManyTop reading scoped package data from /Users/rudy/Sites/nodejs/TeachPlan/node_modules/node-pre-gyp/package.json
78 verbose installManyTop reading scoped package data from /Users/rudy/Sites/nodejs/TeachPlan/node_modules/nodemailer/package.json
79 verbose installManyTop reading scoped package data from /Users/rudy/Sites/nodejs/TeachPlan/node_modules/passport/package.json
80 verbose installManyTop reading scoped package data from /Users/rudy/Sites/nodejs/TeachPlan/node_modules/passport-facebook/package.json
81 verbose installManyTop reading scoped package data from /Users/rudy/Sites/nodejs/TeachPlan/node_modules/passport-github/package.json
82 verbose installManyTop reading scoped package data from /Users/rudy/Sites/nodejs/TeachPlan/node_modules/passport-google-oauth/package.json
83 verbose installManyTop reading scoped package data from /Users/rudy/Sites/nodejs/TeachPlan/node_modules/passport-linkedin/package.json
84 verbose installManyTop reading scoped package data from /Users/rudy/Sites/nodejs/TeachPlan/node_modules/passport-local/package.json
85 verbose installManyTop reading scoped package data from /Users/rudy/Sites/nodejs/TeachPlan/node_modules/passport-paypal-openidconnect/package.json
86 verbose installManyTop reading scoped package data from /Users/rudy/Sites/nodejs/TeachPlan/node_modules/passport-twitter/package.json
87 verbose installManyTop reading scoped package data from /Users/rudy/Sites/nodejs/TeachPlan/node_modules/phantomjs/package.json
88 verbose installManyTop reading scoped package data from /Users/rudy/Sites/nodejs/TeachPlan/node_modules/run-sequence/package.json
89 verbose installManyTop reading scoped package data from /Users/rudy/Sites/nodejs/TeachPlan/node_modules/serve-favicon/package.json
90 verbose installManyTop reading scoped package data from /Users/rudy/Sites/nodejs/TeachPlan/node_modules/should/package.json
91 verbose installManyTop reading scoped package data from /Users/rudy/Sites/nodejs/TeachPlan/node_modules/socket.io/package.json
92 verbose installManyTop reading scoped package data from /Users/rudy/Sites/nodejs/TeachPlan/node_modules/supertest/package.json
93 verbose installManyTop reading scoped package data from /Users/rudy/Sites/nodejs/TeachPlan/node_modules/swig/package.json
94 verbose installManyTop reading scoped package data from /Users/rudy/Sites/nodejs/TeachPlan/node_modules/validator/package.json
95 info package.json acl@0.4.8 No license field.
96 info package.json connect-flash@0.1.1 No license field.
97 info package.json connect-mongo@0.8.2 No license field.
98 info package.json coveralls@2.11.4 license should be a valid SPDX license expression
99 info package.json crypto@0.0.3 crypto is also the name of a node core module.
100 info package.json crypto@0.0.3 No license field.
101 info package.json grunt@0.4.5 No license field.
102 info package.json grunt-cli@0.1.13 No license field.
103 info package.json grunt-contrib-csslint@0.4.0 No license field.
104 info package.json grunt-contrib-cssmin@0.12.3 No license field.
105 info package.json grunt-contrib-less@1.0.1 No license field.
106 info package.json grunt-contrib-watch@0.6.1 No license field.
107 info package.json grunt-env@0.4.4 No license field.
108 info package.json grunt-mocha-test@0.12.7 No license field.
109 info package.json grunt-protractor-runner@2.1.0 No license field.
110 info package.json gulp-protractor@1.0.0 No license field.
111 info package.json gulp-rename@1.2.2 No license field.
112 info package.json mocha@1.20.1 No license field.
113 info package.json node-pre-gyp@0.6.4 license should be a valid SPDX license expression
114 info package.json passport-facebook@2.0.0 No license field.
115 info package.json passport-github@0.1.5 No license field.
116 info package.json passport-google-oauth@0.2.0 No license field.
117 info package.json passport-linkedin@0.1.3 No license field.
118 info package.json passport-local@1.0.0 No license field.
119 info package.json passport-paypal-openidconnect@0.1.1 No license field.
120 info package.json passport-twitter@1.0.3 No license field.
121 info package.json socket.io@1.3.6 No license field.
122 verbose readDependencies loading dependencies from /Users/rudy/Sites/nodejs/TeachPlan/package.json
123 silly cache add args [ 'grunt-contrib-sass', null ]
124 verbose cache add spec grunt-contrib-sass
125 silly cache add parsed spec { raw: 'grunt-contrib-sass',
125 silly cache add   scope: null,
125 silly cache add   name: 'grunt-contrib-sass',
125 silly cache add   rawSpec: '',
125 silly cache add   spec: '*',
125 silly cache add   type: 'range' }
126 silly addNamed grunt-contrib-sass@*
127 verbose addNamed "*" is a valid semver range for grunt-contrib-sass
128 silly addNameRange { name: 'grunt-contrib-sass', range: '*', hasData: false }
129 silly mapToRegistry name grunt-contrib-sass
130 silly mapToRegistry using default registry
131 silly mapToRegistry registry https://registry.npmjs.org/
132 silly mapToRegistry uri https://registry.npmjs.org/grunt-contrib-sass
133 verbose addNameRange registry:https://registry.npmjs.org/grunt-contrib-sass not in flight; fetching
134 verbose request uri https://registry.npmjs.org/grunt-contrib-sass
135 verbose request no auth needed
136 info attempt registry request try #1 at 18:57:51
137 verbose request id 0e789f66048fcc2c
138 verbose etag "5TDQNAXB7U908HJMLD3QKCIUR"
139 http request GET https://registry.npmjs.org/grunt-contrib-sass
140 http 304 https://registry.npmjs.org/grunt-contrib-sass
141 silly get cb [ 304,
141 silly get   { date: 'Tue, 29 Sep 2015 16:57:52 GMT',
141 silly get     via: '1.1 varnish',
141 silly get     'cache-control': 'max-age=60',
141 silly get     etag: '"5TDQNAXB7U908HJMLD3QKCIUR"',
141 silly get     age: '15',
141 silly get     connection: 'keep-alive',
141 silly get     'x-served-by': 'cache-lhr6327-LHR',
141 silly get     'x-cache': 'HIT',
141 silly get     'x-cache-hits': '1',
141 silly get     'x-timer': 'S1443545872.328881,VS0,VE1',
141 silly get     vary: 'Accept' } ]
142 verbose etag https://registry.npmjs.org/grunt-contrib-sass from cache
143 verbose get saving grunt-contrib-sass to /Users/rudy/.npm/registry.npmjs.org/grunt-contrib-sass/.cache.json
144 silly addNameRange number 2 { name: 'grunt-contrib-sass', range: '*', hasData: true }
145 silly addNameRange versions [ 'grunt-contrib-sass',
145 silly addNameRange   [ '0.1.0',
145 silly addNameRange     '0.1.1',
145 silly addNameRange     '0.1.2',
145 silly addNameRange     '0.1.3',
145 silly addNameRange     '0.2.0',
145 silly addNameRange     '0.2.1',
145 silly addNameRange     '0.2.2',
145 silly addNameRange     '0.3.0',
145 silly addNameRange     '0.4.0',
145 silly addNameRange     '0.4.1',
145 silly addNameRange     '0.5.0',
145 silly addNameRange     '0.5.1',
145 silly addNameRange     '0.6.0',
145 silly addNameRange     '0.2.2-rc7',
145 silly addNameRange     '0.7.0',
145 silly addNameRange     '0.7.1',
145 silly addNameRange     '0.7.2',
145 silly addNameRange     '0.7.3',
145 silly addNameRange     '0.7.4',
145 silly addNameRange     '0.8.0',
145 silly addNameRange     '0.8.1',
145 silly addNameRange     '0.9.0',
145 silly addNameRange     '0.9.1',
145 silly addNameRange     '0.9.2' ] ]
146 silly addNamed grunt-contrib-sass@0.9.2
147 verbose addNamed "0.9.2" is a plain semver version for grunt-contrib-sass
148 silly cache afterAdd grunt-contrib-sass@0.9.2
149 verbose afterAdd /Users/rudy/.npm/grunt-contrib-sass/0.9.2/package/package.json not in flight; writing
150 verbose afterAdd /Users/rudy/.npm/grunt-contrib-sass/0.9.2/package/package.json written
151 silly install resolved [ { name: 'grunt-contrib-sass',
151 silly install resolved     description: 'Compile Sass to CSS',
151 silly install resolved     version: '0.9.2',
151 silly install resolved     author: { name: 'Grunt Team', url: 'http://gruntjs.com/' },
151 silly install resolved     repository:
151 silly install resolved      { type: 'git',
151 silly install resolved        url: 'git+https://github.com/gruntjs/grunt-contrib-sass.git' },
151 silly install resolved     licenses: [ [Object] ],
151 silly install resolved     engines: { node: '>=0.10.0' },
151 silly install resolved     scripts: { test: 'grunt test' },
151 silly install resolved     dependencies:
151 silly install resolved      { async: '^0.9.0',
151 silly install resolved        chalk: '^0.5.1',
151 silly install resolved        'cross-spawn': '^0.2.3',
151 silly install resolved        dargs: '^4.0.0',
151 silly install resolved        which: '^1.0.5' },
151 silly install resolved     devDependencies:
151 silly install resolved      { grunt: '^0.4.5',
151 silly install resolved        'grunt-cli': '^0.1.13',
151 silly install resolved        'grunt-contrib-clean': '^0.6.0',
151 silly install resolved        'grunt-contrib-internal': '^0.4.10',
151 silly install resolved        'grunt-contrib-jshint': '^0.11.0',
151 silly install resolved        'grunt-contrib-nodeunit': '^0.4.1' },
151 silly install resolved     peerDependencies: { grunt: '>=0.4.0' },
151 silly install resolved     keywords:
151 silly install resolved      [ 'gruntplugin',
151 silly install resolved        'scss',
151 silly install resolved        'sass',
151 silly install resolved        'css',
151 silly install resolved        'compile',
151 silly install resolved        'preprocessor',
151 silly install resolved        'style' ],
151 silly install resolved     files: [ 'tasks' ],
151 silly install resolved     contributors: [ [Object], [Object] ],
151 silly install resolved     gitHead: '693e73ca21020ea51af5f0e66704f7a950abc22d',
151 silly install resolved     bugs: { url: 'https://github.com/gruntjs/grunt-contrib-sass/issues' },
151 silly install resolved     homepage: 'https://github.com/gruntjs/grunt-contrib-sass',
151 silly install resolved     _id: 'grunt-contrib-sass@0.9.2',
151 silly install resolved     _shasum: '749f0e78284e91452c5a57fe044dde34489513c6',
151 silly install resolved     _from: 'grunt-contrib-sass@*',
151 silly install resolved     _npmVersion: '1.4.28',
151 silly install resolved     _npmUser: { name: 'sindresorhus', email: 'sindresorhus@gmail.com' },
151 silly install resolved     maintainers: [ [Object], [Object], [Object], [Object], [Object] ],
151 silly install resolved     dist:
151 silly install resolved      { shasum: '749f0e78284e91452c5a57fe044dde34489513c6',
151 silly install resolved        tarball: 'http://registry.npmjs.org/grunt-contrib-sass/-/grunt-contrib-sass-0.9.2.tgz' },
151 silly install resolved     directories: {},
151 silly install resolved     _resolved: 'https://registry.npmjs.org/grunt-contrib-sass/-/grunt-contrib-sass-0.9.2.tgz',
151 silly install resolved     readme: 'ERROR: No README data found!' } ]
152 info install grunt-contrib-sass@0.9.2 into /Users/rudy/Sites/nodejs/TeachPlan
153 info installOne grunt-contrib-sass@0.9.2
154 verbose installOne of grunt-contrib-sass to /Users/rudy/Sites/nodejs/TeachPlan not in flight; installing
155 verbose lock using /Users/rudy/.npm/_locks/grunt-contrib-sass-bf79c2a8c9aaa321.lock for /Users/rudy/Sites/nodejs/TeachPlan/node_modules/grunt-contrib-sass
156 silly install write writing grunt-contrib-sass 0.9.2 to /Users/rudy/Sites/nodejs/TeachPlan/node_modules/grunt-contrib-sass
157 verbose unbuild node_modules/grunt-contrib-sass
158 silly gentlyRm /Users/rudy/Sites/nodejs/TeachPlan/node_modules/grunt-contrib-sass is being purged from base /Users/rudy/Sites/nodejs/TeachPlan
159 verbose gentlyRm don't care about contents; nuking /Users/rudy/Sites/nodejs/TeachPlan/node_modules/grunt-contrib-sass
160 silly vacuum-fs purging /Users/rudy/Sites/nodejs/TeachPlan/node_modules/grunt-contrib-sass
161 verbose unlock done using /Users/rudy/.npm/_locks/grunt-contrib-sass-bf79c2a8c9aaa321.lock for /Users/rudy/Sites/nodejs/TeachPlan/node_modules/grunt-contrib-sass
162 verbose stack Error: EACCES, unlink '/Users/rudy/Sites/nodejs/TeachPlan/node_modules/grunt-contrib-sass/node_modules/.bin/which'
162 verbose stack     at Error (native)
163 verbose cwd /Users/rudy/Sites/nodejs/TeachPlan
164 error Darwin 14.5.0
165 error argv "node" "/usr/local/bin/npm" "install" "grunt-contrib-sass"
166 error node v0.12.7
167 error npm  v2.11.3
168 error path /Users/rudy/Sites/nodejs/TeachPlan/node_modules/grunt-contrib-sass/node_modules/.bin/which
169 error code EACCES
170 error errno -13
171 error Error: EACCES, unlink '/Users/rudy/Sites/nodejs/TeachPlan/node_modules/grunt-contrib-sass/node_modules/.bin/which'
171 error     at Error (native)
171 error  { [Error: EACCES, unlink '/Users/rudy/Sites/nodejs/TeachPlan/node_modules/grunt-contrib-sass/node_modules/.bin/which']
171 error   errno: -13,
171 error   code: 'EACCES',
171 error   path: '/Users/rudy/Sites/nodejs/TeachPlan/node_modules/grunt-contrib-sass/node_modules/.bin/which' }
172 error Please try running this command again as root/Administrator.
173 verbose exit [ -13, true ]
174 verbose unbuild node_modules/grunt-contrib-sass
175 silly gentlyRm /Users/rudy/Sites/nodejs/TeachPlan/node_modules/grunt-contrib-sass is being purged from base /Users/rudy/Sites/nodejs/TeachPlan
176 verbose gentlyRm don't care about contents; nuking /Users/rudy/Sites/nodejs/TeachPlan/node_modules/grunt-contrib-sass
177 silly vacuum-fs purging /Users/rudy/Sites/nodejs/TeachPlan/node_modules/grunt-contrib-sass
178 error error rolling back Error: EACCES, unlink '/Users/rudy/Sites/nodejs/TeachPlan/node_modules/grunt-contrib-sass/node_modules/.bin/which'
178 error error rolling back     at Error (native)
178 error error rolling back  { [Error: EACCES, unlink '/Users/rudy/Sites/nodejs/TeachPlan/node_modules/grunt-contrib-sass/node_modules/.bin/which']
178 error error rolling back   errno: -13,
178 error error rolling back   code: 'EACCES',
178 error error rolling back   path: '/Users/rudy/Sites/nodejs/TeachPlan/node_modules/grunt-contrib-sass/node_modules/.bin/which' }
